<?xml version="1.0" encoding="UTF-8"?>
<testng-results ignored="0" total="2" passed="2" failed="0" skipped="0">
  <reporter-output>
  </reporter-output>
  <suite started-at="2022-07-29T11:35:09 IST" name="Suite" finished-at="2022-07-29T11:35:17 IST" duration-ms="8175">
    <groups>
    </groups>
    <test started-at="2022-07-29T11:35:09 IST" name="chrome" finished-at="2022-07-29T11:35:12 IST" duration-ms="3729">
      <class name="crossbrowser.MyTest">
        <test-method signature="test(java.lang.String,java.lang.String,java.lang.String)[pri:0, instance:crossbrowser.MyTest@5ab956d7]" started-at="2022-07-29T11:35:09 IST" name="test" finished-at="2022-07-29T11:35:12 IST" duration-ms="3595" status="PASS">
          <params>
            <param index="0">
              <value>
                <![CDATA[tops123]]>
              </value>
            </param>
            <param index="1">
              <value>
                <![CDATA[tops]]>
              </value>
            </param>
            <param index="2">
              <value>
                <![CDATA[chrome]]>
              </value>
            </param>
          </params>
          <reporter-output>
          </reporter-output>
        </test-method> <!-- test -->
      </class> <!-- crossbrowser.MyTest -->
    </test> <!-- chrome -->
    <test started-at="2022-07-29T11:35:13 IST" name="ff" finished-at="2022-07-29T11:35:17 IST" duration-ms="4380">
      <class name="crossbrowser.MyTest">
        <test-method signature="test(java.lang.String,java.lang.String,java.lang.String)[pri:0, instance:crossbrowser.MyTest@1750fbeb]" started-at="2022-07-29T11:35:13 IST" name="test" finished-at="2022-07-29T11:35:17 IST" duration-ms="4372" status="PASS">
          <params>
            <param index="0">
              <value>
                <![CDATA[tops123]]>
              </value>
            </param>
            <param index="1">
              <value>
                <![CDATA[tops]]>
              </value>
            </param>
            <param index="2">
              <value>
                <![CDATA[ff]]>
              </value>
            </param>
          </params>
          <reporter-output>
          </reporter-output>
        </test-method> <!-- test -->
      </class> <!-- crossbrowser.MyTest -->
    </test> <!-- ff -->
  </suite> <!-- Suite -->
</testng-results>
