<?xml version="1.0" encoding="UTF-8"?>
<!-- Generated by org.testng.reporters.JUnitXMLReporter -->
<testsuite ignored="5" hostname="DESKTOP-ISADT93" failures="0" tests="3" name="Test2" time="0.041" errors="0" timestamp="2022-07-18T11:46:23 IST">
  <testcase classname="annotation.Mytest" name="home" time="0.009"/>
  <testcase classname="annotation.Payment" name="cod" time="0.006"/>
  <testcase classname="annotation.Bank" name="saving" time="0.001"/>
  <testcase classname="annotation.Mytest" name="logoutTest" time="0.0">
    <ignored/>
  </testcase> <!-- logoutTest -->
  <testcase classname="annotation.Mytest" name="loginTest" time="0.0">
    <ignored/>
  </testcase> <!-- loginTest -->
  <testcase classname="annotation.Payment" name="debitCart" time="0.0">
    <ignored/>
  </testcase> <!-- debitCart -->
  <testcase classname="annotation.Bank" name="curent" time="0.0">
    <ignored/>
  </testcase> <!-- curent -->
  <testcase classname="annotation.Payment" name="creditCart" time="0.0">
    <ignored/>
  </testcase> <!-- creditCart -->
</testsuite> <!-- Test2 -->
