<?xml version="1.0" encoding="UTF-8"?>
<!-- Generated by org.testng.reporters.JUnitXMLReporter -->
<testsuite ignored="0" hostname="DESKTOP-ISADT93" failures="2" tests="2" name="Test" time="17.517" errors="0" timestamp="2022-07-27T11:41:29 IST">
  <testcase classname="listener.MyTest" name="logincheck" time="14.232">
    <failure type="java.lang.AssertionError" message="expected [Facebook – log in or sign up] but found [FaceBook]">
      <![CDATA[java.lang.AssertionError: expected [Facebook – log in or sign up] but found [FaceBook]
at listener.MyTest.logincheck(MyTest.java:33)
at java.base/java.util.ArrayList.forEach(ArrayList.java:1541)
... Removed 33 stack frames]]>
    </failure>
  </testcase> <!-- logincheck -->
  <testcase classname="listener.MyTest" name="titleCheck" time="2.9">
    <failure type="java.lang.AssertionError" message="expected [Facebook – log in or sign up] but found [FaceBook]">
      <![CDATA[java.lang.AssertionError: expected [Facebook – log in or sign up] but found [FaceBook]
at listener.MyTest.titleCheck(MyTest.java:20)
at java.base/java.util.ArrayList.forEach(ArrayList.java:1541)
... Removed 33 stack frames]]>
    </failure>
  </testcase> <!-- titleCheck -->
</testsuite> <!-- Test -->
