<?xml version="1.0" encoding="UTF-8"?>
<!-- Generated by org.testng.reporters.JUnitXMLReporter -->
<testsuite ignored="4" hostname="DESKTOP-ISADT93" failures="0" tests="4" name="Test1" time="0.207" errors="0" timestamp="2022-07-18T11:46:23 IST">
  <testcase classname="annotation.Mytest" name="loginTest" time="0.019"/>
  <testcase classname="annotation.Payment" name="cod" time="0.004"/>
  <testcase classname="annotation.Payment" name="creditCart" time="0.022"/>
  <testcase classname="annotation.Bank" name="curent" time="0.008"/>
  <testcase classname="annotation.Payment" name="debitCart" time="0.0">
    <ignored/>
  </testcase> <!-- debitCart -->
  <testcase classname="annotation.Bank" name="saving" time="0.0">
    <ignored/>
  </testcase> <!-- saving -->
  <testcase classname="annotation.Mytest" name="home" time="0.0">
    <ignored/>
  </testcase> <!-- home -->
  <testcase classname="annotation.Mytest" name="logoutTest" time="0.0">
    <ignored/>
  </testcase> <!-- logoutTest -->
</testsuite> <!-- Test1 -->
