<?xml version="1.0" encoding="UTF-8"?>
<testng-results ignored="0" total="3" passed="3" failed="0" skipped="0">
  <reporter-output>
  </reporter-output>
  <suite started-at="2022-08-08T11:50:39 IST" name="Default suite" finished-at="2022-08-08T11:50:51 IST" duration-ms="12782">
    <groups>
    </groups>
    <test started-at="2022-08-08T11:50:39 IST" name="Default test" finished-at="2022-08-08T11:50:51 IST" duration-ms="12782">
      <class name="com.DataDriven">
        <test-method is-config="true" signature="open()[pri:0, instance:com.DataDriven@6574a52c]" started-at="2022-08-08T11:50:39 IST" name="open" finished-at="2022-08-08T11:50:42 IST" duration-ms="3414" status="PASS">
          <reporter-output>
          </reporter-output>
        </test-method> <!-- open -->
        <test-method signature="test(java.lang.String,java.lang.String)[pri:0, instance:com.DataDriven@6574a52c]" started-at="2022-08-08T11:50:43 IST" name="test" data-provider="dp" finished-at="2022-08-08T11:50:46 IST" duration-ms="2675" status="PASS">
          <params>
            <param index="0">
              <value>
                <![CDATA[tops@gmail.com]]>
              </value>
            </param>
            <param index="1">
              <value>
                <![CDATA[tops123]]>
              </value>
            </param>
          </params>
          <reporter-output>
          </reporter-output>
        </test-method> <!-- test -->
        <test-method signature="test(java.lang.String,java.lang.String)[pri:0, instance:com.DataDriven@6574a52c]" started-at="2022-08-08T11:50:46 IST" name="test" data-provider="dp" finished-at="2022-08-08T11:50:49 IST" duration-ms="2705" status="PASS">
          <params>
            <param index="0">
              <value>
                <![CDATA[tech@gmail.com]]>
              </value>
            </param>
            <param index="1">
              <value>
                <![CDATA[tech123]]>
              </value>
            </param>
          </params>
          <reporter-output>
          </reporter-output>
        </test-method> <!-- test -->
        <test-method signature="test(java.lang.String,java.lang.String)[pri:0, instance:com.DataDriven@6574a52c]" started-at="2022-08-08T11:50:49 IST" name="test" data-provider="dp" finished-at="2022-08-08T11:50:51 IST" duration-ms="2670" status="PASS">
          <params>
            <param index="0">
              <value>
                <![CDATA[abc@gmail.com]]>
              </value>
            </param>
            <param index="1">
              <value>
                <![CDATA[abc123]]>
              </value>
            </param>
          </params>
          <reporter-output>
          </reporter-output>
        </test-method> <!-- test -->
      </class> <!-- com.DataDriven -->
    </test> <!-- Default test -->
  </suite> <!-- Default suite -->
</testng-results>
